# JRE version: Java(TM) SE Runtime Environment (17.0.1+12) (build 17.0.1+12-LTS-39)
# Java VM: Java HotSpot(TM) 64-Bit Server VM (17.0.1+12-LTS-39, mixed mode, sharing, tiered, compressed oops, compressed class ptrs, g1 gc, windows-amd64)
GC Precious Log:
 CPUs: 12 total, 12 available
 Memory: 16230M
 Large Page Support: Disabled
 NUMA Support: Disabled
 Compressed Oops: Enabled (Zero based)
 Heap Region Size: 2M
 Heap Min Capacity: 8M
 Heap Initial Capacity: 254M
 Heap Max Capacity: 4058M
 Pre-touch: Disabled
 Parallel Workers: 10
 Concurrent Workers: 3
 Concurrent Refinement Workers: 10
 Periodic GC: Disabled
Heap:
 garbage-first heap   total 75776K, used 50326K [0x0000000702600000, 0x0000000800000000)
  region size 2048K, 19 young (38912K), 3 survivors (6144K)
 Metaspace       used 42771K, committed 43136K, reserved 1089536K
  class space    used 5267K, committed 5440K, reserved 1048576K
GC Heap History (20 events):
Event: 3.576 GC heap before
{Heap before GC invocations=6 (full 0):
 garbage-first heap   total 49152K, used 12089K [0x0000000702600000, 0x0000000800000000)
  region size 2048K, 3 young (6144K), 2 survivors (4096K)
 Metaspace       used 23579K, committed 23872K, reserved 1073152K
  class space    used 2865K, committed 3008K, reserved 1048576K
}
Event: 3.579 GC heap after
{Heap after GC invocations=7 (full 0):
 garbage-first heap   total 49152K, used 12315K [0x0000000702600000, 0x0000000800000000)
  region size 2048K, 1 young (2048K), 1 survivors (2048K)
 Metaspace       used 23579K, committed 23872K, reserved 1073152K
  class space    used 2865K, committed 3008K, reserved 1048576K
}
Event: 3.839 GC heap before
{Heap before GC invocations=7 (full 0):
 garbage-first heap   total 49152K, used 32795K [0x0000000702600000, 0x0000000800000000)
  region size 2048K, 11 young (22528K), 1 survivors (2048K)
 Metaspace       used 25512K, committed 25792K, reserved 1073152K
  class space    used 3067K, committed 3200K, reserved 1048576K
}
Event: 3.841 GC heap after
{Heap after GC invocations=8 (full 0):
 garbage-first heap   total 49152K, used 12716K [0x0000000702600000, 0x0000000800000000)
  region size 2048K, 1 young (2048K), 1 survivors (2048K)
 Metaspace       used 25512K, committed 25792K, reserved 1073152K
  class space    used 3067K, committed 3200K, reserved 1048576K
}
Event: 4.060 GC heap before
{Heap before GC invocations=8 (full 0):
 garbage-first heap   total 49152K, used 33196K [0x0000000702600000, 0x0000000800000000)
  region size 2048K, 11 young (22528K), 1 survivors (2048K)
 Metaspace       used 26975K, committed 27264K, reserved 1073152K
  class space    used 3229K, committed 3392K, reserved 1048576K
}
Event: 4.062 GC heap after
{Heap after GC invocations=9 (full 0):
 garbage-first heap   total 49152K, used 13312K [0x0000000702600000, 0x0000000800000000)
  region size 2048K, 1 young (2048K), 1 survivors (2048K)
 Metaspace       used 26975K, committed 27264K, reserved 1073152K
  class space    used 3229K, committed 3392K, reserved 1048576K
}
Event: 4.421 GC heap before
{Heap before GC invocations=9 (full 0):
 garbage-first heap   total 49152K, used 33792K [0x0000000702600000, 0x0000000800000000)
  region size 2048K, 12 young (24576K), 1 survivors (2048K)
 Metaspace       used 29051K, committed 29376K, reserved 1081344K
  class space    used 3477K, committed 3648K, reserved 1048576K
}
Event: 4.424 GC heap after
{Heap after GC invocations=10 (full 0):
 garbage-first heap   total 49152K, used 14272K [0x0000000702600000, 0x0000000800000000)
  region size 2048K, 2 young (4096K), 2 survivors (4096K)
 Metaspace       used 29051K, committed 29376K, reserved 1081344K
  class space    used 3477K, committed 3648K, reserved 1048576K
}
Event: 4.850 GC heap before
{Heap before GC invocations=10 (full 0):
 garbage-first heap   total 49152K, used 34752K [0x0000000702600000, 0x0000000800000000)
  region size 2048K, 12 young (24576K), 2 survivors (4096K)
 Metaspace       used 30819K, committed 31104K, reserved 1081344K
  class space    used 3704K, committed 3840K, reserved 1048576K
}
Event: 4.853 GC heap after
{Heap after GC invocations=11 (full 0):
 garbage-first heap   total 49152K, used 16372K [0x0000000702600000, 0x0000000800000000)
  region size 2048K, 2 young (4096K), 2 survivors (4096K)
 Metaspace       used 30819K, committed 31104K, reserved 1081344K
  class space    used 3704K, committed 3840K, reserved 1048576K
}
Event: 5.188 GC heap before
{Heap before GC invocations=11 (full 0):
 garbage-first heap   total 49152K, used 34804K [0x0000000702600000, 0x0000000800000000)
  region size 2048K, 11 young (22528K), 2 survivors (4096K)
 Metaspace       used 32489K, committed 32832K, reserved 1081344K
  class space    used 3919K, committed 4096K, reserved 1048576K
}
Event: 5.191 GC heap after
{Heap after GC invocations=12 (full 0):
 garbage-first heap   total 49152K, used 17430K [0x0000000702600000, 0x0000000800000000)
  region size 2048K, 1 young (2048K), 1 survivors (2048K)
 Metaspace       used 32489K, committed 32832K, reserved 1081344K
  class space    used 3919K, committed 4096K, reserved 1048576K
}
Event: 5.519 GC heap before
{Heap before GC invocations=12 (full 0):
 garbage-first heap   total 49152K, used 35862K [0x0000000702600000, 0x0000000800000000)
  region size 2048K, 10 young (20480K), 1 survivors (2048K)
 Metaspace       used 34303K, committed 34624K, reserved 1081344K
  class space    used 4198K, committed 4352K, reserved 1048576K
}
Event: 5.523 GC heap after
{Heap after GC invocations=13 (full 0):
 garbage-first heap   total 49152K, used 17928K [0x0000000702600000, 0x0000000800000000)
  region size 2048K, 2 young (4096K), 2 survivors (4096K)
 Metaspace       used 34303K, committed 34624K, reserved 1081344K
  class space    used 4198K, committed 4352K, reserved 1048576K
}
Event: 5.762 GC heap before
{Heap before GC invocations=13 (full 0):
 garbage-first heap   total 49152K, used 36360K [0x0000000702600000, 0x0000000800000000)
  region size 2048K, 11 young (22528K), 2 survivors (4096K)
 Metaspace       used 34925K, committed 35264K, reserved 1081344K
  class space    used 4296K, committed 4480K, reserved 1048576K
}
Event: 5.764 GC heap after
{Heap after GC invocations=14 (full 0):
 garbage-first heap   total 155648K, used 18609K [0x0000000702600000, 0x0000000800000000)
  region size 2048K, 2 young (4096K), 2 survivors (4096K)
 Metaspace       used 34925K, committed 35264K, reserved 1081344K
  class space    used 4296K, committed 4480K, reserved 1048576K
}
Event: 12.310 GC heap before
{Heap before GC invocations=14 (full 0):
 garbage-first heap   total 155648K, used 30897K [0x0000000702600000, 0x0000000800000000)
  region size 2048K, 9 young (18432K), 2 survivors (4096K)
 Metaspace       used 35614K, committed 35968K, reserved 1081344K
  class space    used 4379K, committed 4608K, reserved 1048576K
}
Event: 12.316 GC heap after
{Heap after GC invocations=15 (full 0):
 garbage-first heap   total 155648K, used 19023K [0x0000000702600000, 0x0000000800000000)
  region size 2048K, 2 young (4096K), 2 survivors (4096K)
 Metaspace       used 35614K, committed 35968K, reserved 1081344K
  class space    used 4379K, committed 4608K, reserved 1048576K
}
Event: 13.516 GC heap before
{Heap before GC invocations=16 (full 0):
 garbage-first heap   total 75776K, used 59983K [0x0000000702600000, 0x0000000800000000)
  region size 2048K, 22 young (45056K), 2 survivors (4096K)
 Metaspace       used 41901K, committed 42304K, reserved 1089536K
  class space    used 5190K, committed 5376K, reserved 1048576K
}
Event: 13.528 GC heap after
{Heap after GC invocations=17 (full 0):
 garbage-first heap   total 75776K, used 21654K [0x0000000702600000, 0x0000000800000000)
  region size 2048K, 3 young (6144K), 3 survivors (6144K)
 Metaspace       used 41901K, committed 42304K, reserved 1089536K
  class space    used 5190K, committed 5376K, reserved 1048576K
}

